TN:
SF:src/MiniLend.sol
DA:46,76937
FN:46,MiniLend.onlyApprovedToken
FNDA:76937,MiniLend.onlyApprovedToken
DA:47,76937
DA:51,76937
FN:51,MiniLend.nonZeroAddress
FNDA:76937,MiniLend.nonZeroAddress
DA:52,76937
DA:56,76937
FN:56,MiniLend.nonZeroAmount
FNDA:76937,MiniLend.nonZeroAmount
DA:57,76937
DA:61,0
FN:61,MiniLend.onlyActive
FNDA:0,MiniLend.onlyActive
DA:62,0
DA:72,20
FN:72,MiniLend.setFeed
FNDA:20,MiniLend.setFeed
DA:76,20
DA:77,20
DA:80,0
FN:80,MiniLend.setltv
FNDA:0,MiniLend.setltv
DA:81,0
DA:82,0
BRDA:82,0,0,-
DA:83,0
DA:84,0
DA:87,0
FN:87,MiniLend.setLiquidationBonus
FNDA:0,MiniLend.setLiquidationBonus
DA:90,0
BRDA:90,1,0,-
DA:91,0
DA:92,0
DA:95,10
FN:95,MiniLend.approveToken
FNDA:10,MiniLend.approveToken
DA:98,0
BRDA:98,2,0,-
DA:100,10
DA:101,10
DA:102,10
DA:104,10
DA:107,0
FN:107,MiniLend.revokeTokenApproval
FNDA:0,MiniLend.revokeTokenApproval
DA:110,0
BRDA:110,3,0,-
DA:112,0
DA:115,0
DA:116,0
DA:117,0
DA:119,0
BRDA:119,4,0,-
DA:121,0
DA:122,0
DA:125,0
DA:127,0
DA:135,0
FN:135,MiniLend.getLatestPrice
FNDA:0,MiniLend.getLatestPrice
DA:138,146189
DA:139,146189
BRDA:139,5,0,-
DA:141,146189
DA:142,146189
DA:148,146189
DA:151,146189
BRDA:151,6,0,-
DA:152,146189
BRDA:152,7,0,-
DA:155,146189
DA:156,0
BRDA:156,8,0,-
DA:157,0
DA:160,146189
DA:161,146189
BRDA:161,9,0,-
DA:164,146189
DA:167,0
FN:167,MiniLend.getUsdValue
FNDA:0,MiniLend.getUsdValue
DA:172,73096
DA:173,73096
BRDA:173,10,0,-
DA:176,73096
DA:180,73096
BRDA:180,11,0,-
DA:183,73096
DA:187,73096
DA:190,0
FN:190,MiniLend.getContractsTokenBalance
FNDA:0,MiniLend.getContractsTokenBalance
DA:193,0
DA:194,0
DA:199,537972
FN:199,MiniLend.getUser
FNDA:537972,MiniLend.getUser
DA:211,537972
DA:212,537972
DA:215,0
FN:215,MiniLend.ethBalance
FNDA:0,MiniLend.ethBalance
DA:216,2
DA:219,0
FN:219,MiniLend.isTokenApproved
FNDA:0,MiniLend.isTokenApproved
DA:222,0
DA:225,0
FN:225,MiniLend.getApprovedTokensCount
FNDA:0,MiniLend.getApprovedTokensCount
DA:226,0
DA:253,76076
FN:253,MiniLend.stakeEth
FNDA:76076,MiniLend.stakeEth
DA:254,76076
BRDA:254,12,0,-
DA:255,76076
DA:256,76076
DA:257,76076
DA:258,76076
DA:292,76937
FN:292,MiniLend.borrowAsset
FNDA:76937,MiniLend.borrowAsset
DA:302,76937
DA:304,76937
BRDA:304,13,0,3849
DA:308,73088
DA:309,73088
BRDA:309,14,0,1856
DA:312,71232
DA:313,71232
DA:316,71232
DA:318,4
DA:346,76681
FN:346,MiniLend.repayAsset
FNDA:76681,MiniLend.repayAsset
DA:355,76681
DA:356,76681
BRDA:356,15,0,76680
DA:357,1
BRDA:357,16,0,-
DA:364,1
DA:367,1
DA:369,1
BRDA:369,17,0,-
DA:370,0
DA:378,1
DA:383,0
BRDA:383,18,0,-
DA:389,1
DA:392,1
DA:394,1
DA:396,1
DA:398,1
BRDA:398,19,0,1
DA:399,1
DA:402,1
DA:434,77338
FN:434,MiniLend.withdrawCollateralEth
FNDA:77338,MiniLend.withdrawCollateralEth
DA:437,77338
DA:438,77338
DA:439,0
BRDA:439,20,0,-
DA:440,77338
DA:441,17523
BRDA:441,21,0,17523
DA:444,59815
DA:445,0
BRDA:445,22,0,-
DA:447,59815
DA:450,59815
DA:452,59815
BRDA:452,23,0,9
DA:453,9
DA:456,59815
DA:493,77555
FN:493,MiniLend.liquidate
FNDA:77555,MiniLend.liquidate
DA:502,77555
DA:503,77555
BRDA:503,24,0,77553
DA:509,2
DA:514,2
DA:516,2
DA:521,2
BRDA:521,25,0,-
DA:527,2
DA:528,0
BRDA:528,26,0,-
DA:531,2
DA:537,2
DA:542,2
DA:544,2
DA:550,2
DA:551,2
BRDA:551,27,0,2
DA:552,2
DA:554,2
BRDA:554,28,0,1
DA:555,1
DA:558,2
BRDA:558,29,0,-
DA:564,2
DA:566,2
DA:571,2
DA:573,2
DA:575,2
BRDA:575,30,0,-
DA:576,0
DA:583,2
BRDA:583,31,0,2
DA:584,2
BRDA:584,32,0,-
DA:585,0
DA:592,2
DA:594,2
DA:596,2
BRDA:596,33,0,2
DA:597,2
DA:600,2
DA:616,457684
FN:616,MiniLend._user
FNDA:457684,MiniLend._user
DA:617,457684
DA:620,150025
FN:620,MiniLend._hasCollateral
FNDA:150025,MiniLend._hasCollateral
DA:621,150025
DA:624,154236
FN:624,MiniLend._activePosition
FNDA:154236,MiniLend._activePosition
DA:625,154236
DA:628,153618
FN:628,MiniLend._onlyApprovedToken
FNDA:153618,MiniLend._onlyApprovedToken
DA:629,153618
BRDA:629,34,0,-
DA:632,377412
FN:632,MiniLend._invalidAddrress
FNDA:377412,MiniLend._invalidAddrress
DA:633,377412
BRDA:633,35,0,-
DA:636,308511
FN:636,MiniLend._invalidValue
FNDA:308511,MiniLend._invalidValue
DA:637,308511
BRDA:637,36,0,-
DA:640,0
FN:640,MiniLend._onlyActive
FNDA:0,MiniLend._onlyActive
DA:641,0
BRDA:641,37,0,-
DA:644,1
FN:644,MiniLend._repayWithdebtAsset
FNDA:1,MiniLend._repayWithdebtAsset
DA:648,1
DA:651,2
FN:651,MiniLend._sendToken
FNDA:2,MiniLend._sendToken
DA:652,2
DA:655,59817
FN:655,MiniLend._sendEth
FNDA:59817,MiniLend._sendEth
DA:656,59817
DA:657,59817
BRDA:657,38,0,-
DA:660,9
FN:660,MiniLend._clearPosition
FNDA:9,MiniLend._clearPosition
DA:661,9
DA:662,9
DA:663,9
DA:664,9
DA:665,9
DA:668,0
FN:668,MiniLend._getTokenDecimals
FNDA:0,MiniLend._getTokenDecimals
DA:669,0
BRDA:669,39,0,-
DA:670,0
DA:672,0
BRDA:672,40,0,-
DA:673,0
DA:674,0
BRDA:674,40,1,-
DA:675,0
DA:679,71232
FN:679,MiniLend._poolTransfer
FNDA:71232,MiniLend._poolTransfer
DA:680,71232
DA:681,71232
DA:683,71232
BRDA:683,41,0,71228
DA:684,71228
DA:687,4
DA:688,0
BRDA:688,42,0,-
DA:691,73088
FN:691,MiniLend._borrowableAmount
FNDA:73088,MiniLend._borrowableAmount
DA:695,73088
DA:697,73088
BRDA:697,43,0,-
DA:700,73088
BRDA:700,44,0,-
DA:701,0
DA:705,73088
DA:707,73088
DA:710,73088
DA:715,73088
BRDA:715,45,0,-
DA:716,0
DA:720,73088
DA:721,73088
BRDA:721,46,0,-
DA:722,0
DA:726,73088
DA:729,73088
FNF:35
FNH:23
LF:204
LH:149
BRF:48
BRH:12
end_of_record
TN:
SF:test/invariant/handlers/MiniLendHandler.sol
DA:17,3
FN:17,MiniLendHandler.constructor
FNDA:3,MiniLendHandler.constructor
DA:18,3
DA:19,3
DA:21,3
DA:22,15
DA:23,15
DA:24,15
DA:28,76998
FN:28,MiniLendHandler.stakeEth
FNDA:76998,MiniLendHandler.stakeEth
DA:29,76998
DA:30,76998
DA:32,76998
DA:33,76998
DA:35,76069
DA:36,76069
DA:39,76932
FN:39,MiniLendHandler.borrow
FNDA:76932,MiniLendHandler.borrow
DA:40,76932
DA:41,76932
DA:43,76932
DA:45,76932
DA:46,76932
BRDA:46,0,0,76932
DA:48,76932
DA:51,76932
DA:52,76932
DA:55,76680
FN:55,MiniLendHandler.repay
FNDA:76680,MiniLendHandler.repay
DA:56,76680
DA:57,76680
DA:59,76680
DA:61,76680
DA:62,76680
BRDA:62,1,0,76680
DA:64,76680
DA:67,76680
DA:68,76680
DA:71,77337
FN:71,MiniLendHandler.withdraw
FNDA:77337,MiniLendHandler.withdraw
DA:72,77337
DA:73,77337
DA:75,77337
DA:77,77337
DA:78,77337
BRDA:78,2,0,77337
DA:80,77337
DA:83,77337
BRDA:83,3,0,-
DA:84,0
DA:87,77337
DA:90,77553
FN:90,MiniLendHandler.liquidate
FNDA:77553,MiniLendHandler.liquidate
DA:95,77553
DA:96,77553
DA:98,77553
DA:100,77553
DA:101,77553
BRDA:101,4,0,77553
DA:104,0
FN:104,MiniLendHandler.getUsers
FNDA:0,MiniLendHandler.getUsers
DA:105,0
DA:108,0
FN:108,MiniLendHandler.usersLength
FNDA:0,MiniLendHandler.usersLength
DA:109,0
FNF:8
FNH:6
LF:52
LH:47
BRF:5
BRH:4
end_of_record
TN:
SF:test/invariant/mocks/MockAggregator.sol
DA:9,20
FN:9,MockAggregator.constructor
FNDA:20,MockAggregator.constructor
DA:10,20
DA:13,146189
FN:13,MockAggregator.latestRoundData
FNDA:146189,MockAggregator.latestRoundData
DA:19,146189
DA:22,2
FN:22,MockAggregator.setPrice
FNDA:2,MockAggregator.setPrice
DA:23,2
DA:26,146189
FN:26,MockAggregator.decimals
FNDA:146189,MockAggregator.decimals
DA:27,146189
DA:30,0
FN:30,MockAggregator.description
FNDA:0,MockAggregator.description
DA:31,0
DA:34,0
FN:34,MockAggregator.version
FNDA:0,MockAggregator.version
DA:35,0
DA:38,0
FN:38,MockAggregator.getRoundData
FNDA:0,MockAggregator.getRoundData
DA:46,0
FNF:7
FNH:4
LF:14
LH:8
BRF:0
BRH:0
end_of_record
TN:
SF:test/invariant/mocks/MockERC20.sol
DA:9,10
FN:9,MockERC20.constructor
FNDA:10,MockERC20.constructor
DA:14,10
DA:17,16
FN:17,MockERC20.mint
FNDA:16,MockERC20.mint
DA:18,16
DA:21,6
FN:21,MockERC20.decimals
FNDA:6,MockERC20.decimals
DA:22,6
FNF:3
FNH:3
LF:6
LH:6
BRF:0
BRH:0
end_of_record
